build/app/intermediates/proguard-rules/release/aapt_rules.txt
# Referenced at merged_manifests/release/AndroidManifest.xml:39
-keep class androidx.core.app.CoreComponentFactory { <init>(); }
# Referenced at merged_manifests/release/AndroidManifest.xml:417
-keep class androidx.lifecycle.ProcessLifecycleOwnerInitializer { <init>(); }
# Referenced at merged_manifests/release/AndroidManifest.xml:172
-keep class com.dexterous.flutterlocalnotifications.ScheduledNotificationBootReceiver { <init>(); }
# Referenced at merged_manifests/release/AndroidManifest.xml:171
-keep class com.dexterous.flutterlocalnotifications.ScheduledNotificationReceiver { <init>(); }
# Referenced at merged_manifests/release/AndroidManifest.xml:348
-keep class com.facebook.CampaignTrackingReceiver { <init>(); }
# Referenced at merged_manifests/release/AndroidManifest.xml:341
-keep class com.facebook.CurrentAccessTokenExpirationBroadcastReceiver { <init>(); }
# Referenced at merged_manifests/release/AndroidManifest.xml:275
-keep class com.facebook.CustomTabActivity { <init>(); }
# Referenced at merged_manifests/release/AndroidManifest.xml:326
-keep class com.facebook.CustomTabMainActivity { <init>(); }
# Referenced at merged_manifests/release/AndroidManifest.xml:270
-keep class com.facebook.FacebookActivity { <init>(); }
# Referenced at merged_manifests/release/AndroidManifest.xml:336
-keep class com.facebook.internal.FacebookInitProvider { <init>(); }
# Referenced at merged_manifests/release/AndroidManifest.xml:210
-keep class com.firebase.ui.auth.KickoffActivity { <init>(); }
# Referenced at merged_manifests/release/AndroidManifest.xml:288
-keep class com.firebase.ui.auth.data.client.AuthUiInitProvider { <init>(); }
# Referenced at merged_manifests/release/AndroidManifest.xml:220
-keep class com.firebase.ui.auth.ui.credentials.CredentialSaveActivity { <init>(); }
# Referenced at merged_manifests/release/AndroidManifest.xml:230
-keep class com.firebase.ui.auth.ui.email.EmailActivity { <init>(); }
# Referenced at merged_manifests/release/AndroidManifest.xml:255
-keep class com.firebase.ui.auth.ui.email.EmailLinkCatcherActivity { <init>(); }
# Referenced at merged_manifests/release/AndroidManifest.xml:261
-keep class com.firebase.ui.auth.ui.email.EmailLinkErrorRecoveryActivity { <init>(); }
# Referenced at merged_manifests/release/AndroidManifest.xml:225
-keep class com.firebase.ui.auth.ui.email.RecoverPasswordActivity { <init>(); }
# Referenced at merged_manifests/release/AndroidManifest.xml:250
-keep class com.firebase.ui.auth.ui.email.WelcomeBackEmailLinkPrompt { <init>(); }
# Referenced at merged_manifests/release/AndroidManifest.xml:245
-keep class com.firebase.ui.auth.ui.email.WelcomeBackPasswordPrompt { <init>(); }
# Referenced at merged_manifests/release/AndroidManifest.xml:266
-keep class com.firebase.ui.auth.ui.idp.AuthMethodPickerActivity { <init>(); }
# Referenced at merged_manifests/release/AndroidManifest.xml:215
-keep class com.firebase.ui.auth.ui.idp.SingleSignInActivity { <init>(); }
# Referenced at merged_manifests/release/AndroidManifest.xml:240
-keep class com.firebase.ui.auth.ui.idp.WelcomeBackIdpPrompt { <init>(); }
# Referenced at merged_manifests/release/AndroidManifest.xml:235
-keep class com.firebase.ui.auth.ui.phone.PhoneActivity { <init>(); }
# Referenced at merged_manifests/release/AndroidManifest.xml:400
-keep class com.google.android.datatransport.runtime.backends.TransportBackendDiscovery { <init>(); }
# Referenced at merged_manifests/release/AndroidManifest.xml:413
-keep class com.google.android.datatransport.runtime.scheduling.jobscheduling.AlarmManagerSchedulerBroadcastReceiver { <init>(); }
# Referenced at merged_manifests/release/AndroidManifest.xml:407
-keep class com.google.android.datatransport.runtime.scheduling.jobscheduling.JobInfoSchedulerService { <init>(); }
# Referenced at merged_manifests/release/AndroidManifest.xml:383
-keep class com.google.android.gms.auth.api.signin.RevocationBoundService { <init>(); }
# Referenced at merged_manifests/release/AndroidManifest.xml:374
-keep class com.google.android.gms.auth.api.signin.internal.SignInHubActivity { <init>(); }
# Referenced at merged_manifests/release/AndroidManifest.xml:388
-keep class com.google.android.gms.common.api.GoogleApiActivity { <init>(); }
# Referenced at merged_manifests/release/AndroidManifest.xml:320
-keep class com.google.android.gms.measurement.AppMeasurementJobService { <init>(); }
# Referenced at merged_manifests/release/AndroidManifest.xml:310
-keep class com.google.android.gms.measurement.AppMeasurementReceiver { <init>(); }
# Referenced at merged_manifests/release/AndroidManifest.xml:316
-keep class com.google.android.gms.measurement.AppMeasurementService { <init>(); }
# Referenced at merged_manifests/release/AndroidManifest.xml:294
-keep class com.google.firebase.auth.internal.FederatedSignInActivity { <init>(); }
# Referenced at merged_manifests/release/AndroidManifest.xml:114
-keep class com.google.firebase.components.ComponentDiscoveryService { <init>(); }
# Referenced at merged_manifests/release/AndroidManifest.xml:302
-keep class com.google.firebase.iid.FirebaseInstanceIdReceiver { <init>(); }
# Referenced at merged_manifests/release/AndroidManifest.xml:194
-keep class com.google.firebase.messaging.FirebaseMessagingService { <init>(); }
# Referenced at merged_manifests/release/AndroidManifest.xml:393
-keep class com.google.firebase.provider.FirebaseInitProvider { <init>(); }
# Referenced at merged_manifests/release/AndroidManifest.xml:153
-keep class com.razorpay.CheckoutActivity { <init>(); }
# Referenced at merged_manifests/release/AndroidManifest.xml:368
-keep class com.razorpay.RzpTokenReceiver { <init>(); }
# Referenced at merged_manifests/release/AndroidManifest.xml:433
-keep class com.twitter.sdk.android.core.identity.OAuthActivity { <init>(); }
# Referenced at merged_manifests/release/AndroidManifest.xml:423
-keep class com.twitter.sdk.android.tweetcomposer.ComposerActivity { <init>(); }
# Referenced at merged_manifests/release/AndroidManifest.xml:428
-keep class com.twitter.sdk.android.tweetcomposer.TweetUploadService { <init>(); }
# Referenced at merged_manifests/release/AndroidManifest.xml:361
-keep class com.twitter.sdk.android.tweetui.GalleryActivity { <init>(); }
# Referenced at merged_manifests/release/AndroidManifest.xml:357
-keep class com.twitter.sdk.android.tweetui.PlayerActivity { <init>(); }
# Referenced at merged_manifests/release/AndroidManifest.xml:50
-keep class com.yqgon.flutter.MainActivity { <init>(); }
# Referenced at merged_manifests/release/AndroidManifest.xml:39
-keep class io.flutter.app.FlutterApplication { <init>(); }
# Referenced at merged_manifests/release/AndroidManifest.xml:109
-keep class io.flutter.plugins.firebasemessaging.FlutterFirebaseMessagingService { <init>(); }
# Referenced at merged_manifests/release/AndroidManifest.xml:99
-keep class io.flutter.plugins.imagepicker.ImagePickerFileProvider { <init>(); }
# Referenced at merged_manifests/release/AndroidManifest.xml:181
-keep class io.flutter.plugins.share.ShareFileProvider { <init>(); }
# Referenced at merged_manifests/release/AndroidManifest.xml:166
-keep class io.flutter.plugins.urllauncher.WebViewActivity { <init>(); }
# Referenced at res/layout/abc_alert_dialog_title_material.xml:56
# Referenced at res/layout/abc_alert_dialog_material.xml:52
# Referenced at res/layout/abc_alert_dialog_button_bar_material.xml:43
-keep class android.widget.Space { <init>(...); }

# Referenced at res/layout/abc_select_dialog_material.xml:23
-keep class androidx.appcompat.app.AlertController$RecycleListView { <init>(...); }

# Referenced at res/layout/abc_action_menu_item_layout.xml:17
-keep class androidx.appcompat.view.menu.ActionMenuItemView { <init>(...); }

# Referenced at res/layout/abc_expanded_menu_layout.xml:17
-keep class androidx.appcompat.view.menu.ExpandedMenuView { <init>(...); }

# Referenced at res/layout/abc_popup_menu_item_layout.xml:17
# Referenced at res/layout/abc_list_menu_item_layout.xml:17
# Referenced at res/layout/abc_cascading_menu_item_layout.xml:20
-keep class androidx.appcompat.view.menu.ListMenuItemView { <init>(...); }

# Referenced at res/layout/abc_screen_toolbar.xml:27
-keep class androidx.appcompat.widget.ActionBarContainer { <init>(...); }

# Referenced at res/layout/abc_screen_toolbar.xml:43
# Referenced at res/layout/abc_action_mode_bar.xml:19
-keep class androidx.appcompat.widget.ActionBarContextView { <init>(...); }

# Referenced at res/layout/abc_screen_toolbar.xml:17
-keep class androidx.appcompat.widget.ActionBarOverlayLayout { <init>(...); }

# Referenced at res/layout/abc_action_menu_layout.xml:17
-keep class androidx.appcompat.widget.ActionMenuView { <init>(...); }

# Referenced at res/layout/abc_activity_chooser_view.xml:19
-keep class androidx.appcompat.widget.ActivityChooserView$InnerLayout { <init>(...); }

# Referenced at res/layout/abc_alert_dialog_material.xml:18
-keep class androidx.appcompat.widget.AlertDialogLayout { <init>(...); }

# Referenced at res/layout/com_facebook_smart_device_dialog_fragment.xml:47
# Referenced at res/layout/com_facebook_device_auth_dialog_fragment.xml:45
-keep class androidx.appcompat.widget.AppCompatImageView { <init>(...); }

# Referenced at res/layout/abc_alert_dialog_button_bar_material.xml:26
-keep class androidx.appcompat.widget.ButtonBarLayout { <init>(...); }

# Referenced at res/layout/abc_screen_content_include.xml:19
-keep class androidx.appcompat.widget.ContentFrameLayout { <init>(...); }

# Referenced at res/layout/abc_alert_dialog_title_material.xml:45
-keep class androidx.appcompat.widget.DialogTitle { <init>(...); }

# Referenced at res/layout/abc_screen_simple_overlay_action_mode.xml:23
-keep class androidx.appcompat.widget.FitWindowsFrameLayout { <init>(...); }

# Referenced at res/layout/abc_screen_simple.xml:17
# Referenced at res/layout/abc_dialog_title_material.xml:22
-keep class androidx.appcompat.widget.FitWindowsLinearLayout { <init>(...); }

# Referenced at res/layout/abc_search_view.xml:75
-keep class androidx.appcompat.widget.SearchView$SearchAutoComplete { <init>(...); }

# Referenced at res/layout/abc_screen_toolbar.xml:36
-keep class androidx.appcompat.widget.Toolbar { <init>(...); }

# Referenced at res/layout/abc_screen_simple_overlay_action_mode.xml:32
# Referenced at res/layout/abc_screen_simple.xml:25
-keep class androidx.appcompat.widget.ViewStubCompat { <init>(...); }

# Referenced at res/layout/browser_actions_context_menu_page.xml:5
-keep class androidx.browser.browseractions.BrowserActionsFallbackMenuView { <init>(...); }

# Referenced at res/layout/com_facebook_smart_device_dialog_fragment.xml:22
# Referenced at res/layout/com_facebook_device_auth_dialog_fragment.xml:22
-keep class androidx.cardview.widget.CardView { <init>(...); }

# Referenced at res/layout/fui_confirmation_code_layout.xml:101
-keep class androidx.constraintlayout.widget.Barrier { <init>(...); }

# Referenced at res/layout-land/fui_auth_method_picker_layout.xml:2
# Referenced at res/layout/fui_welcome_back_password_prompt_layout.xml:19
# Referenced at res/layout/fui_welcome_back_email_link_prompt_layout.xml:20
# Referenced at res/layout/fui_phone_layout.xml:2
# Referenced at res/layout/fui_confirmation_code_layout.xml:2
# Referenced at res/layout/fui_auth_method_picker_layout.xml:2
-keep class androidx.constraintlayout.widget.ConstraintLayout { <init>(...); }

# Referenced at res/layout/design_bottom_sheet_dialog.xml:26
-keep class androidx.coordinatorlayout.widget.CoordinatorLayout { <init>(...); }

# Referenced at res/layout/abc_alert_dialog_material.xml:41
-keep class androidx.core.widget.NestedScrollView { <init>(...); }

# Referenced at res/layout/fui_phone_layout.xml:22
-keep class com.firebase.ui.auth.ui.phone.CountryListSpinner { <init>(...); }

# Referenced at res/layout/fui_confirmation_code_layout.xml:47
-keep class com.firebase.ui.auth.ui.phone.SpacedEditText { <init>(...); }

# Referenced at res/layout/fui_phone_layout.xml:28
-keep class com.firebase.ui.auth.util.ui.BaselineTextInputLayout { <init>(...); }

# Referenced at res/layout/fui_provider_button_phone.xml:2
# Referenced at res/layout/fui_provider_button_email.xml:2
# Referenced at res/layout/fui_provider_button_anonymous.xml:2
# Referenced at res/layout/fui_idp_button_twitter.xml:1
# Referenced at res/layout/fui_idp_button_google.xml:1
# Referenced at res/layout/fui_idp_button_github.xml:1
# Referenced at res/layout/fui_idp_button_facebook.xml:1
-keep class com.firebase.ui.auth.util.ui.SupportVectorDrawablesButton { <init>(...); }

# Referenced at res/layout/design_bottom_navigation_item.xml:27
-keep class com.google.android.material.internal.BaselineLayout { <init>(...); }

# Referenced at res/layout/design_text_input_password_icon.xml:18
-keep class com.google.android.material.internal.CheckableImageButton { <init>(...); }

# Referenced at res/layout/design_navigation_item.xml:17
-keep class com.google.android.material.internal.NavigationMenuItemView { <init>(...); }

# Referenced at res/layout/design_navigation_menu.xml:17
-keep class com.google.android.material.internal.NavigationMenuView { <init>(...); }

# Referenced at res/layout/mtrl_layout_snackbar.xml:18
# Referenced at res/layout/design_layout_snackbar.xml:18
-keep class com.google.android.material.snackbar.Snackbar$SnackbarLayout { <init>(...); }

# Referenced at res/layout/mtrl_layout_snackbar_include.xml:18
# Referenced at res/layout/design_layout_snackbar_include.xml:18
-keep class com.google.android.material.snackbar.SnackbarContentLayout { <init>(...); }

# Referenced at res/layout/fui_welcome_back_password_prompt_layout.xml:49
# Referenced at res/layout/fui_register_email_layout.xml:37
# Referenced at res/layout/fui_phone_layout.xml:37
# Referenced at res/layout/fui_forgot_password_layout.xml:36
# Referenced at res/layout/fui_check_email_layout.xml:46
-keep class com.google.android.material.textfield.TextInputEditText { <init>(...); }

# Referenced at res/layout/fui_welcome_back_password_prompt_layout.xml:40
# Referenced at res/layout/fui_register_email_layout.xml:25
# Referenced at res/layout/fui_forgot_password_layout.xml:28
# Referenced at res/layout/fui_confirmation_code_layout.xml:40
# Referenced at res/layout/fui_check_email_layout.xml:34
-keep class com.google.android.material.textfield.TextInputLayout { <init>(...); }

# Referenced at res/layout/rzp_loader.xml:20
-keep class com.razorpay.CircularProgressView { <init>(...); }

# Referenced at res/layout/tw__activity_composer.xml:21
-keep class com.twitter.sdk.android.tweetcomposer.ComposerView { <init>(...); }

# Referenced at res/layout/tw__composer_view.xml:58
-keep class com.twitter.sdk.android.tweetcomposer.internal.util.ObservableScrollView { <init>(...); }

# Referenced at res/layout/tw__action_bar.xml:28
-keep class com.twitter.sdk.android.tweetui.ToggleImageButton { <init>(...); }

# Referenced at res/layout/tw__action_bar.xml:18
-keep class com.twitter.sdk.android.tweetui.TweetActionBarView { <init>(...); }

# Referenced at res/layout/tw__tweet_quote.xml:51
# Referenced at res/layout/tw__tweet_compact.xml:72
# Referenced at res/layout/tw__tweet.xml:23
-keep class com.twitter.sdk.android.tweetui.internal.AspectRatioFrameLayout { <init>(...); }

# Referenced at res/layout/tw__tweet_quote.xml:62
# Referenced at res/layout/tw__tweet_compact.xml:83
# Referenced at res/layout/tw__tweet.xml:31
-keep class com.twitter.sdk.android.tweetui.internal.MediaBadgeView { <init>(...); }

# Referenced at res/layout/tw__tweet_quote.xml:58
# Referenced at res/layout/tw__tweet_compact.xml:79
# Referenced at res/layout/tw__tweet.xml:27
-keep class com.twitter.sdk.android.tweetui.internal.TweetMediaView { <init>(...); }

# Referenced at res/layout/tw__player_activity.xml:32
-keep class com.twitter.sdk.android.tweetui.internal.VideoControlView { <init>(...); }

# Referenced at res/layout/tw__player_activity.xml:20
-keep class com.twitter.sdk.android.tweetui.internal.VideoView { <init>(...); }

# Referenced at res/layout/tw__gallery_activity.xml:22
-keep class com.twitter.sdk.android.tweetui.internal.ViewPagerFixed { <init>(...); }

# Referenced at res/layout-land/fui_auth_method_picker_layout.xml:12
# Referenced at res/layout/fui_welcome_back_password_prompt_layout.xml:10
# Referenced at res/layout/fui_welcome_back_idp_prompt_layout.xml:9
# Referenced at res/layout/fui_welcome_back_email_link_prompt_layout.xml:11
# Referenced at res/layout/fui_register_email_layout.xml:10
# Referenced at res/layout/fui_phone_layout.xml:9
# Referenced at res/layout/fui_forgot_password_layout.xml:10
# Referenced at res/layout/fui_email_link_trouble_signing_in_layout.xml:11
# Referenced at res/layout/fui_email_link_cross_device_linking.xml:9
# Referenced at res/layout/fui_confirmation_code_layout.xml:9
# Referenced at res/layout/fui_check_email_layout.xml:10
# Referenced at res/layout/fui_auth_method_picker_layout.xml:11
-keep class me.zhanghai.android.materialprogressbar.MaterialProgressBar { <init>(...); }