build/app/outputs/mapping/release/mapping.txt
# compiler: R8
# compiler_version: 1.5.69
# min_api: 21
# pg_map_id: 61fc30d
...
com.google.android.material.appbar.HeaderBehavior -> com.google.android.material.appbar.a:
    java.lang.Runnable flingRunnable -> d
    int lastMotionY -> h
    int touchSlop -> i
    android.view.VelocityTracker velocityTracker -> j
    boolean isBeingDragged -> f
    int activePointerId -> g
    android.widget.OverScroller scroller -> e
    boolean canDragView(android.view.View) -> a
    boolean fling(androidx.coordinatorlayout.widget.CoordinatorLayout,android.view.View,int,int,float) -> a
    boolean onInterceptTouchEvent(androidx.coordinatorlayout.widget.CoordinatorLayout,android.view.View,android.view.MotionEvent) -> a
    int scroll(androidx.coordinatorlayout.widget.CoordinatorLayout,android.view.View,int,int,int) -> a
    int getMaxDragOffset(android.view.View) -> b
    boolean onTouchEvent(androidx.coordinatorlayout.widget.CoordinatorLayout,android.view.View,android.view.MotionEvent) -> b
    int setHeaderTopBottomOffset(androidx.coordinatorlayout.widget.CoordinatorLayout,android.view.View,int,int,int) -> b
    int getScrollRangeForDragFling(android.view.View) -> c
    int getTopBottomOffsetForScrollingSibling() -> c
    int setHeaderTopBottomOffset(androidx.coordinatorlayout.widget.CoordinatorLayout,android.view.View,int) -> c
    void ensureVelocityTracker() -> d
    void onFlingFinished(androidx.coordinatorlayout.widget.CoordinatorLayout,android.view.View) -> e
com.google.android.material.appbar.HeaderBehavior$FlingRunnable -> com.google.android.material.appbar.a$a:
    com.google.android.material.appbar.HeaderBehavior this$0 -> d
    android.view.View layout -> c
    androidx.coordinatorlayout.widget.CoordinatorLayout parent -> b
com.google.android.material.appbar.HeaderScrollingViewBehavior -> com.google.android.material.appbar.b:
    int verticalLayoutGap -> f
    int overlayTop -> g
    android.graphics.Rect tempRect2 -> e
    android.graphics.Rect tempRect1 -> d
    android.view.View findFirstDependency(java.util.List) -> a
    int getOverlapPixelsForOffset(android.view.View) -> a
    boolean onMeasureChild(androidx.coordinatorlayout.widget.CoordinatorLayout,android.view.View,int,int,int,int) -> a
    float getOverlapRatioForOffset(android.view.View) -> b
    void layoutChild(androidx.coordinatorlayout.widget.CoordinatorLayout,android.view.View,int) -> b
    void setOverlayTop(int) -> b
    int getOverlayTop() -> c
    int getScrollRange(android.view.View) -> c
    int resolveGravity(int) -> c
    int getVerticalLayoutGap() -> d
com.google.android.material.appbar.ViewOffsetBehavior -> com.google.android.material.appbar.c:
    int tempTopBottomOffset -> b
    com.google.android.material.appbar.ViewOffsetHelper viewOffsetHelper -> a
    int tempLeftRightOffset -> c
    boolean onLayoutChild(androidx.coordinatorlayout.widget.CoordinatorLayout,android.view.View,int) -> a
    boolean setTopAndBottomOffset(int) -> a
    int getTopAndBottomOffset() -> b
    void layoutChild(androidx.coordinatorlayout.widget.CoordinatorLayout,android.view.View,int) -> b
com.google.android.material.appbar.ViewOffsetHelper -> com.google.android.material.appbar.d:
    android.view.View view -> a
    int offsetTop -> d
    int offsetLeft -> e
    int layoutTop -> b
    int layoutLeft -> c
    int getTopAndBottomOffset() -> a
    boolean setLeftAndRightOffset(int) -> a
    void onViewLayout() -> b
    boolean setTopAndBottomOffset(int) -> b
    void updateOffsets() -> c
com.google.android.material.appbar.ViewUtilsLollipop -> com.google.android.material.appbar.e:
    void setDefaultAppBarLayoutStateListAnimator(android.view.View,float) -> a